\BOOKMARK [0][-]{chapter.1}{\376\377\000I\000n\000t\000r\000o\000d\000u\000c\000t\000i\000o\000n}{}% 1
\BOOKMARK [1][-]{section.1.1}{\376\377\000B\000a\000c\000k\000g\000r\000o\000u\000n\000d}{chapter.1}% 2
\BOOKMARK [2][-]{subsection.1.1.1}{\376\377\000T\000h\000e\000\040\000l\000a\000w\000\040\000o\000f\000\040\000t\000h\000e\000\040\000c\000o\000o\000r\000d\000i\000n\000a\000t\000i\000o\000n\000\040\000o\000f\000\040\000l\000i\000k\000e\000s}{section.1.1}% 3
\BOOKMARK [2][-]{subsection.1.1.2}{\376\377\000A\000l\000t\000e\000r\000n\000a\000t\000i\000v\000e\000\040\000a\000c\000c\000o\000u\000n\000t\000s\000\040\000o\000f\000\040\000u\000n\000l\000i\000k\000e\000\040\000c\000o\000o\000r\000d\000i\000n\000a\000t\000i\000o\000n}{section.1.1}% 4
\BOOKMARK [1][-]{section.1.2}{\376\377\000A\000i\000m\000\040\000a\000n\000d\000\040\000s\000c\000o\000p\000e\000\040\000o\000f\000\040\000t\000h\000e\000\040\000t\000h\000e\000s\000i\000s}{chapter.1}% 5
\BOOKMARK [2][-]{subsection.1.2.1}{\376\377\000P\000r\000o\000b\000l\000e\000m\000s\000\040\000a\000n\000d\000\040\000d\000e\000f\000i\000c\000i\000t\000s}{section.1.2}% 6
\BOOKMARK [2][-]{subsection.1.2.2}{\376\377\000H\000y\000p\000o\000t\000h\000e\000s\000i\000s\000\040\000s\000t\000a\000t\000e\000m\000e\000n\000t\000\040\000a\000n\000d\000\040\000t\000h\000e\000\040\000o\000v\000e\000r\000v\000i\000e\000w\000\040\000o\000f\000\040\000t\000h\000e\000\040\000t\000h\000e\000s\000i\000s}{section.1.2}% 7
\BOOKMARK [1][-]{section.1.3}{\376\377\000M\000e\000t\000h\000o\000d\000o\000l\000o\000g\000i\000c\000a\000l\000\040\000a\000p\000p\000r\000o\000a\000c\000h}{chapter.1}% 8
\BOOKMARK [0][-]{chapter.2}{\376\377\000C\000o\000r\000p\000u\000s\000\040\000s\000t\000u\000d\000y}{}% 9
\BOOKMARK [1][-]{section.2.1}{\376\377\000O\000v\000e\000r\000v\000i\000e\000w\000\040\000o\000f\000\040\000t\000h\000e\000\040\000c\000h\000a\000p\000t\000e\000r}{chapter.2}% 10
\BOOKMARK [1][-]{section.2.2}{\376\377\000M\000e\000t\000h\000o\000d\000o\000l\000o\000g\000y}{chapter.2}% 11
\BOOKMARK [2][-]{subsection.2.2.1}{\376\377\000T\000h\000e\000\040\000w\000e\000b\000\040\000c\000o\000r\000p\000u\000s\000:\000\040\000T\000u\000r\000k\000i\000s\000h\000\040\000W\000e\000b\000\040\0002\0000\0001\0002}{section.2.2}% 12
\BOOKMARK [2][-]{subsection.2.2.2}{\376\377\000T\000r\000e\000e\000b\000a\000n\000k\000s\000\040\000a\000n\000d\000\040\000v\000a\000l\000e\000n\000c\000y\000\040\000d\000i\000c\000t\000i\000o\000n\000a\000r\000y}{section.2.2}% 13
\BOOKMARK [1][-]{section.2.3}{\376\377\000T\000u\000r\000k\000i\000s\000h\000\040\000c\000a\000s\000e\000s\000\040\000a\000n\000d\000\040\000s\000u\000s\000p\000e\000n\000d\000e\000d\000\040\000a\000f\000f\000i\000x\000a\000t\000i\000o\000n}{chapter.2}% 14
\BOOKMARK [2][-]{subsection.2.3.1}{\376\377\000T\000u\000r\000k\000i\000s\000h\000\040\000c\000a\000s\000e\000\040\000s\000y\000s\000t\000e\000m}{section.2.3}% 15
\BOOKMARK [2][-]{subsection.2.3.2}{\376\377\000S\000u\000s\000p\000e\000n\000d\000e\000d\000\040\000a\000f\000f\000i\000x\000a\000t\000i\000o\000n}{section.2.3}% 16
\BOOKMARK [1][-]{section.2.4}{\376\377\000R\000e\000s\000u\000l\000t\000s}{chapter.2}% 17
\BOOKMARK [2][-]{subsection.2.4.1}{\376\377\000C\000o\000o\000r\000d\000i\000n\000a\000t\000i\000o\000n\000\040\000o\000f\000\040\000u\000n\000l\000i\000k\000e\000\040\000c\000a\000t\000e\000g\000o\000r\000i\000e\000s}{section.2.4}% 18
\BOOKMARK [2][-]{subsection.2.4.2}{\376\377\000C\000o\000o\000r\000d\000i\000n\000a\000t\000i\000o\000n\000\040\000o\000f\000\040\000u\000n\000l\000i\000k\000e\000\040\000c\000a\000s\000e\000s}{section.2.4}% 19
\BOOKMARK [1][-]{section.2.5}{\376\377\000D\000i\000s\000c\000u\000s\000s\000i\000o\000n\000\040\000a\000n\000d\000\040\000c\000o\000n\000c\000l\000u\000s\000i\000o\000n}{chapter.2}% 20
\BOOKMARK [0][-]{chapter.3}{\376\377\000A\000c\000c\000e\000p\000t\000a\000b\000i\000l\000i\000t\000y\000\040\000j\000u\000d\000g\000m\000e\000n\000t\000\040\000t\000a\000s\000k}{}% 21
\BOOKMARK [1][-]{section.3.1}{\376\377\000O\000v\000e\000r\000v\000i\000e\000w\000\040\000o\000f\000\040\000t\000h\000e\000\040\000c\000h\000a\000p\000t\000e\000r}{chapter.3}% 22
\BOOKMARK [1][-]{section.3.2}{\376\377\000M\000e\000t\000h\000o\000d\000o\000l\000o\000g\000y}{chapter.3}% 23
\BOOKMARK [2][-]{subsection.3.2.1}{\376\377\000E\000x\000p\000e\000r\000i\000m\000e\000n\000t\000a\000l\000\040\000d\000e\000s\000i\000g\000n}{section.3.2}% 24
\BOOKMARK [2][-]{subsection.3.2.2}{\376\377\000M\000a\000t\000e\000r\000i\000a\000l\000s}{section.3.2}% 25
\BOOKMARK [2][-]{subsection.3.2.3}{\376\377\000S\000u\000r\000v\000e\000y\000\040\000s\000t\000r\000u\000c\000t\000u\000r\000e\000\040\000a\000n\000d\000\040\000p\000r\000e\000s\000e\000n\000t\000a\000t\000i\000o\000n}{section.3.2}% 26
\BOOKMARK [2][-]{subsection.3.2.4}{\376\377\000P\000a\000r\000t\000i\000c\000i\000p\000a\000n\000t\000s}{section.3.2}% 27
\BOOKMARK [2][-]{subsection.3.2.5}{\376\377\000P\000a\000r\000t\000i\000c\000i\000p\000a\000n\000t\000\040\000e\000l\000i\000m\000i\000n\000a\000t\000i\000o\000n}{section.3.2}% 28
\BOOKMARK [2][-]{subsection.3.2.6}{\376\377\000S\000t\000a\000t\000i\000s\000t\000i\000c\000a\000l\000\040\000t\000e\000s\000t\000s}{section.3.2}% 29
\BOOKMARK [1][-]{section.3.3}{\376\377\000R\000e\000s\000u\000l\000t\000s}{chapter.3}% 30
\BOOKMARK [2][-]{subsection.3.3.1}{\376\377\000F\000i\000l\000l\000e\000r\000s}{section.3.3}% 31
\BOOKMARK [2][-]{subsection.3.3.2}{\376\377\000C\000o\000o\000r\000d\000i\000n\000a\000t\000i\000o\000n\000\040\000o\000f\000\040\000u\000n\000l\000i\000k\000e\000\040\000c\000a\000t\000e\000g\000o\000r\000i\000e\000s}{section.3.3}% 32
\BOOKMARK [2][-]{subsection.3.3.3}{\376\377\000C\000o\000o\000r\000d\000i\000n\000a\000t\000i\000o\000n\000\040\000o\000f\000\040\000u\000n\000l\000i\000k\000e\000\040\000c\000a\000s\000e\000s}{section.3.3}% 33
\BOOKMARK [1][-]{section.3.4}{\376\377\000C\000o\000n\000c\000l\000u\000s\000i\000o\000n}{chapter.3}% 34
\BOOKMARK [0][-]{chapter.4}{\376\377\000F\000o\000r\000m\000a\000l\000\040\000a\000n\000a\000l\000y\000s\000i\000s}{}% 35
\BOOKMARK [1][-]{section.4.1}{\376\377\000O\000v\000e\000r\000v\000i\000e\000w\000\040\000o\000f\000\040\000t\000h\000e\000\040\000c\000h\000a\000p\000t\000e\000r}{chapter.4}% 36
\BOOKMARK [1][-]{section.4.2}{\376\377\000F\000r\000a\000m\000e\000w\000o\000r\000k\000s\000\040\000o\000f\000\040\000s\000y\000n\000t\000a\000x}{chapter.4}% 37
\BOOKMARK [1][-]{section.4.3}{\376\377\000L\000e\000x\000i\000c\000a\000l\000-\000F\000u\000n\000c\000t\000i\000o\000n\000a\000l\000\040\000G\000r\000a\000m\000m\000a\000r}{chapter.4}% 38
\BOOKMARK [2][-]{subsection.4.3.1}{\376\377\000O\000v\000e\000r\000v\000i\000e\000w\000\040\000o\000f\000\040\000L\000F\000G\000\040\000a\000r\000c\000h\000i\000t\000e\000c\000t\000u\000r\000e}{section.4.3}% 39
\BOOKMARK [2][-]{subsection.4.3.2}{\376\377\000L\000F\000G\000\040\000g\000r\000a\000m\000m\000a\000r\000s}{section.4.3}% 40
\BOOKMARK [2][-]{subsection.4.3.3}{\376\377\000C\000o\000o\000r\000d\000i\000n\000a\000t\000i\000o\000n\000\040\000i\000n\000\040\000L\000F\000G}{section.4.3}% 41
\BOOKMARK [1][-]{section.4.4}{\376\377\000A\000n\000a\000l\000y\000s\000i\000s\000\040\000o\000f\000\040\000u\000n\000l\000i\000k\000e\000\040\000c\000o\000o\000r\000d\000i\000n\000a\000t\000i\000o\000n\000\040\000i\000n\000\040\000T\000u\000r\000k\000i\000s\000h}{chapter.4}% 42
\BOOKMARK [2][-]{subsection.4.4.1}{\376\377\000E\000v\000a\000l\000u\000a\000t\000i\000n\000g\000\040\000p\000o\000s\000s\000i\000b\000l\000e\000\040\000s\000o\000l\000u\000t\000i\000o\000n\000s}{section.4.4}% 43
\BOOKMARK [2][-]{subsection.4.4.2}{\376\377\000A\000n\000a\000l\000y\000s\000i\000s\000\040\000o\000f\000\040\000d\000i\000s\000t\000i\000n\000c\000t\000\040\000u\000n\000l\000i\000k\000e\000\040\000c\000o\000o\000r\000d\000i\000n\000a\000t\000i\000o\000n\000\040\000c\000o\000n\000f\000i\000g\000u\000r\000a\000t\000i\000o\000n\000s}{section.4.4}% 44
\BOOKMARK [1][-]{section.4.5}{\376\377\000E\000x\000a\000m\000p\000l\000e\000\040\000a\000n\000a\000l\000y\000s\000i\000s}{chapter.4}% 45
\BOOKMARK [2][-]{subsection.4.5.1}{\376\377\000C\000o\000o\000r\000d\000i\000n\000a\000t\000i\000o\000n\000\040\000o\000f\000\040\000u\000n\000l\000i\000k\000e\000\040\000c\000a\000t\000e\000g\000o\000r\000i\000e\000s}{section.4.5}% 46
\BOOKMARK [2][-]{subsection.4.5.2}{\376\377\000C\000o\000o\000r\000d\000i\000n\000a\000t\000i\000o\000n\000\040\000o\000f\000\040\000u\000n\000l\000i\000k\000e\000\040\000c\000a\000s\000e\000s}{section.4.5}% 47
\BOOKMARK [1][-]{section.4.6}{\376\377\000C\000o\000n\000c\000l\000u\000s\000i\000o\000n}{chapter.4}% 48
\BOOKMARK [0][-]{chapter.5}{\376\377\000I\000m\000p\000l\000e\000m\000e\000n\000t\000a\000t\000i\000o\000n}{}% 49
\BOOKMARK [1][-]{section.5.1}{\376\377\000I\000n\000t\000r\000o\000d\000u\000c\000t\000i\000o\000n}{chapter.5}% 50
\BOOKMARK [1][-]{section.5.2}{\376\377\000C\000-\000s\000t\000r\000u\000c\000t\000u\000r\000e\000\040\000r\000u\000l\000e\000s}{chapter.5}% 51
\BOOKMARK [1][-]{section.5.3}{\376\377\000C\000o\000o\000r\000d\000i\000n\000a\000t\000i\000o\000n\000\040\000o\000f\000\040\000u\000n\000l\000i\000k\000e\000\040\000a\000d\000j\000u\000n\000c\000t\000s}{chapter.5}% 52
\BOOKMARK [2][-]{subsection.5.3.1}{\376\377\000V\000e\000r\000b\000a\000l\000\040\000a\000d\000j\000u\000n\000c\000t\000s}{section.5.3}% 53
\BOOKMARK [2][-]{subsection.5.3.2}{\376\377\000N\000o\000m\000i\000n\000a\000l\000\040\000a\000d\000j\000u\000n\000c\000t\000s}{section.5.3}% 54
\BOOKMARK [1][-]{section.5.4}{\376\377\000I\000m\000p\000l\000e\000m\000e\000n\000t\000i\000n\000g\000\040\000t\000h\000e\000\040\000c\000o\000n\000s\000e\000r\000v\000a\000t\000i\000v\000e\000\040\000s\000o\000l\000u\000t\000i\000o\000n}{chapter.5}% 55
\BOOKMARK [2][-]{subsection.5.4.1}{\376\377\000O\000f\000f\000-\000p\000a\000t\000h\000\040\000c\000o\000n\000s\000t\000r\000a\000i\000n\000t\000s}{section.5.4}% 56
\BOOKMARK [1][-]{section.5.5}{\376\377\000C\000o\000o\000r\000d\000i\000n\000a\000t\000i\000o\000n\000\040\000o\000f\000\040\000u\000n\000l\000i\000k\000e\000\040\000a\000r\000g\000u\000m\000e\000n\000t\000s}{chapter.5}% 57
\BOOKMARK [2][-]{subsection.5.5.1}{\376\377\000P\000r\000e\000d\000i\000c\000a\000t\000i\000v\000e\000\040\000a\000r\000g\000u\000m\000e\000n\000t\000s}{section.5.5}% 58
\BOOKMARK [2][-]{subsection.5.5.2}{\376\377\000O\000b\000j\000e\000c\000t\000\040\000a\000r\000g\000u\000m\000e\000n\000t\000s}{section.5.5}% 59
\BOOKMARK [2][-]{subsection.5.5.3}{\376\377\000O\000b\000l\000i\000q\000u\000e\000\040\000a\000r\000g\000u\000m\000e\000n\000t\000s}{section.5.5}% 60
\BOOKMARK [1][-]{section.5.6}{\376\377\000C\000o\000n\000c\000l\000u\000s\000i\000o\000n}{chapter.5}% 61
\BOOKMARK [0][-]{chapter.6}{\376\377\000C\000o\000n\000c\000l\000u\000s\000i\000o\000n}{}% 62
\BOOKMARK [0][-]{appendix.A}{\376\377\000C\000o\000r\000p\000u\000s\000\040\000s\000t\000u\000d\000y}{}% 63
\BOOKMARK [1][-]{section.A.1}{\376\377\000C\000Q\000L\000\040\000q\000u\000e\000r\000i\000e\000s}{appendix.A}% 64
\BOOKMARK [2][-]{subsection.A.1.1}{\376\377\000I\000n\000t\000e\000r\000p\000r\000e\000t\000i\000n\000g\000\040\000C\000Q\000L\000\040\000q\000u\000e\000r\000i\000e\000s}{section.A.1}% 65
\BOOKMARK [2][-]{subsection.A.1.2}{\376\377\000C\000o\000o\000r\000d\000i\000n\000a\000t\000i\000o\000n\000\040\000o\000f\000\040\000u\000n\000l\000i\000k\000e\000\040\000c\000a\000t\000e\000g\000o\000r\000i\000e\000s}{section.A.1}% 66
\BOOKMARK [2][-]{subsection.A.1.3}{\376\377\000C\000o\000o\000r\000d\000i\000n\000a\000t\000i\000o\000n\000\040\000o\000f\000\040\000u\000n\000l\000i\000k\000e\000\040\000c\000a\000s\000e\000s}{section.A.1}% 67
\BOOKMARK [1][-]{section.A.2}{\376\377\000V\000a\000l\000e\000n\000c\000y\000\040\000d\000i\000c\000t\000i\000o\000n\000a\000r\000y}{appendix.A}% 68
\BOOKMARK [2][-]{subsection.A.2.1}{\376\377\000T\000r\000e\000e\000b\000a\000n\000k\000s}{section.A.2}% 69
\BOOKMARK [2][-]{subsection.A.2.2}{\376\377\000P\000r\000o\000c\000e\000d\000u\000r\000e}{section.A.2}% 70
\BOOKMARK [0][-]{appendix.B}{\376\377\000A\000c\000c\000e\000p\000t\000a\000b\000i\000l\000i\000t\000y\000\040\000j\000u\000d\000g\000m\000e\000n\000t\000\040\000t\000a\000s\000k}{}% 71
\BOOKMARK [1][-]{section.B.1}{\376\377\000S\000u\000b\000-\000s\000u\000r\000v\000e\000y\000s}{appendix.B}% 72
\BOOKMARK [2][-]{subsection.B.1.1}{\376\377\000C\000a\000t\000e\000g\000o\000r\000y\000\040\000b\000l\000o\000c\000k}{section.B.1}% 73
\BOOKMARK [2][-]{subsection.B.1.2}{\376\377\000C\000a\000s\000e\000\040\000b\000l\000o\000c\000k}{section.B.1}% 74
\BOOKMARK [1][-]{section.B.2}{\376\377\000I\000n\000s\000t\000r\000u\000c\000t\000i\000o\000n\000s}{appendix.B}% 75
\BOOKMARK [2][-]{subsection.B.2.1}{\376\377\000T\000u\000r\000k\000i\000s\000h\000\040\000o\000r\000i\000g\000i\000n\000a\000l}{section.B.2}% 76
\BOOKMARK [2][-]{subsection.B.2.2}{\376\377\000E\000n\000g\000l\000i\000s\000h\000\040\000t\000r\000a\000n\000s\000l\000a\000t\000i\000o\000n}{section.B.2}% 77
\BOOKMARK [1][-]{section.B.3}{\376\377\000G\000l\000o\000s\000s\000e\000d\000\040\000m\000a\000t\000e\000r\000i\000a\000l\000s}{appendix.B}% 78
\BOOKMARK [2][-]{subsection.B.3.1}{\376\377\000C\000o\000o\000r\000d\000i\000n\000a\000t\000i\000o\000n\000\040\000o\000f\000\040\000u\000n\000l\000i\000k\000e\000\040\000c\000a\000t\000e\000g\000o\000r\000i\000e\000s}{section.B.3}% 79
\BOOKMARK [2][-]{subsection.B.3.2}{\376\377\000C\000o\000o\000r\000d\000i\000n\000a\000t\000i\000o\000n\000\040\000o\000f\000\040\000u\000n\000l\000i\000k\000e\000\040\000c\000a\000s\000e\000s}{section.B.3}% 80
\BOOKMARK [0][-]{appendix.C}{\376\377\000I\000m\000p\000l\000e\000m\000e\000n\000t\000a\000t\000i\000o\000n}{}% 81
\BOOKMARK [1][-]{section.C.1}{\376\377\000G\000r\000a\000m\000m\000a\000r}{appendix.C}% 82
\BOOKMARK [2][-]{subsection.C.1.1}{\376\377\000P\000r\000e\000a\000m\000b\000l\000e}{section.C.1}% 83
\BOOKMARK [2][-]{subsection.C.1.2}{\376\377\000C\000-\000s\000t\000r\000u\000c\000t\000u\000r\000e\000\040\000r\000u\000l\000e\000s}{section.C.1}% 84
\BOOKMARK [2][-]{subsection.C.1.3}{\376\377\000T\000e\000m\000p\000l\000a\000t\000e\000s}{section.C.1}% 85
\BOOKMARK [2][-]{subsection.C.1.4}{\376\377\000L\000e\000x\000i\000c\000o\000n}{section.C.1}% 86
\BOOKMARK [1][-]{section.C.2}{\376\377\000T\000e\000s\000t\000\040\000s\000e\000n\000t\000e\000n\000c\000e\000s}{appendix.C}% 87
